 BELLHOP/BELLHOP3D

 BELLHOP- Acoustic Calculation pos2                                              
 frequency =   100.0     Hz

 Dummy parameter NMedia =            1

     C-linear approximation to SSP
     Attenuation units: dB/mkHz
     THORP volume attenuation added
     FILE used for reflection loss

 Depth =    1854.00 m

 Sound speed profile:
      z         alphaR      betaR     rho        alphaI     betaI
     (m)         (m/s)      (m/s)   (g/cm^3)      (m/s)     (m/s)

      0.00      1529.30      0.00     1.00       0.0000    0.0000
      5.00      1529.38      0.00     1.00       0.0000    0.0000
     10.00      1529.41      0.00     1.00       0.0000    0.0000
     15.00      1529.52      0.00     1.00       0.0000    0.0000
     20.00      1529.44      0.00     1.00       0.0000    0.0000
     25.00      1529.53      0.00     1.00       0.0000    0.0000
     30.00      1529.71      0.00     1.00       0.0000    0.0000
     35.00      1529.80      0.00     1.00       0.0000    0.0000
     40.00      1529.97      0.00     1.00       0.0000    0.0000
     45.00      1530.06      0.00     1.00       0.0000    0.0000
     50.00      1530.07      0.00     1.00       0.0000    0.0000
     55.00      1530.12      0.00     1.00       0.0000    0.0000
     60.00      1530.15      0.00     1.00       0.0000    0.0000
     65.00      1530.26      0.00     1.00       0.0000    0.0000
     70.00      1530.28      0.00     1.00       0.0000    0.0000
     75.00      1530.42      0.00     1.00       0.0000    0.0000
     80.00      1530.60      0.00     1.00       0.0000    0.0000
     85.00      1530.78      0.00     1.00       0.0000    0.0000
     90.00      1530.96      0.00     1.00       0.0000    0.0000
     95.00      1530.94      0.00     1.00       0.0000    0.0000
    100.00      1531.08      0.00     1.00       0.0000    0.0000
    125.00      1527.28      0.00     1.00       0.0000    0.0000
    150.00      1522.56      0.00     1.00       0.0000    0.0000
    175.00      1518.66      0.00     1.00       0.0000    0.0000
    200.00      1514.13      0.00     1.00       0.0000    0.0000
    225.00      1509.60      0.00     1.00       0.0000    0.0000
    250.00      1505.98      0.00     1.00       0.0000    0.0000
    275.00      1503.30      0.00     1.00       0.0000    0.0000
    300.00      1501.18      0.00     1.00       0.0000    0.0000
    325.00      1499.48      0.00     1.00       0.0000    0.0000
    350.00      1497.85      0.00     1.00       0.0000    0.0000
    375.00      1496.68      0.00     1.00       0.0000    0.0000
    400.00      1495.51      0.00     1.00       0.0000    0.0000
   1854.00      1520.23      0.00     1.00       0.0000    0.0000

                                 ( RMS roughness =   0.00     )
     Bathymetry file selected
     FILE used for reflection loss

 __________________________________________________________________________

    Number of Source   z-coordinates, Sz =            1
    Source   z-coordinates, Sz (m)
                 80.0000    


 __________________________________________________________________________

    Number of Receiver z-coordinates, Rz =            1
    Receiver z-coordinates, Rz (m)
                 80.0000    


 __________________________________________________________________________

    Number of Receiver r-coordinates, Rr =          101
    Receiver r-coordinates, Rr (km)
                 0.00000      0.500000       1.00000       1.50000    
   2.00000       2.50000       3.00000       3.50000       4.00000    
   4.50000    
          ... 
   50.0000    


 Incoherent TL calculation
 Geometric gaussian beams in Cartesian coordinates
 Point source (cylindrical coordinates)
 Rectilinear receiver grid: Receivers at Rr( : ) x Rz( : )
 __________________________________________________________________________

    Number of beams in elevation   =         1000
    Beam take-off angles (degrees)
  -90.0000      -89.8198      -89.6396      -89.4595      -89.2793    
  -89.0991      -88.9189      -88.7387      -88.5586      -88.3784    
          ... 
   90.0000    

 __________________________________________________________________________


 Step length,       deltas =   0.000     m

 Maximum ray depth, Box%z  =   2354.     m
 Maximum ray range, Box%r  =   51.00    km
 No beam shift in effect

 __________________________________________________________________________

 Using bottom-bathymetry file
 Piecewise linear interpolation
 Number of bathymetry points =           51

 Short format (bathymetry only)
  Range (km)  Depth (m)
   0.00      0.169E+04
   1.00      0.179E+04
   2.00      0.185E+04
   3.00      0.185E+04
   4.00      0.174E+04
   5.00      0.161E+04
   6.00      0.145E+04
   7.00      0.134E+04
   8.00      0.125E+04
   9.00      0.118E+04
   10.0      0.112E+04
   11.0      0.107E+04
   12.0      0.102E+04
   13.0       977.    
   14.0       939.    
   15.0       902.    
   16.0       870.    
   17.0       838.    
   18.0       806.    
   50.0       213.    
 __________________________________________________________________________

 Using tabulated bottom reflection coef.
 Number of points in bottom reflection coefficient =           91
 __________________________________________________________________________

 Using tabulated top    reflection coef.
 Number of points in top reflection coefficient =           91

 Step length,       deltas =   185.4     m (automatically selected)

Tracing beam       1    -90.00

 Geometric Gaussian beams                
 halfwidth  =    1549.2712147927923     
 epsilonOpt =                (0.0000000000000000,754058042.54525924)
 EpsMult    =    1.0000000000000000     

Tracing beam      21    -86.40
Tracing beam      41    -82.79
Tracing beam      61    -79.19
Tracing beam      81    -75.59
Tracing beam     101    -71.98
Tracing beam     121    -68.38
Tracing beam     141    -64.77
Tracing beam     161    -61.17
Tracing beam     181    -57.57
Tracing beam     201    -53.96
Tracing beam     221    -50.36
Tracing beam     241    -46.76
Tracing beam     261    -43.15
Tracing beam     281    -39.55
Tracing beam     301    -35.95
Tracing beam     321    -32.34
Tracing beam     341    -28.74
Tracing beam     361    -25.14
Tracing beam     381    -21.53
Tracing beam     401    -17.93
Tracing beam     421    -14.32
Tracing beam     441    -10.72
Tracing beam     461     -7.12
Tracing beam     481     -3.51
Tracing beam     501      0.09
Tracing beam     521      3.69
Tracing beam     541      7.30
Tracing beam     561     10.90
Tracing beam     581     14.50
Tracing beam     601     18.11
Tracing beam     621     21.71
Tracing beam     641     25.32
Tracing beam     661     28.92
Tracing beam     681     32.52
Tracing beam     701     36.13
Tracing beam     721     39.73
Tracing beam     741     43.33
Tracing beam     761     46.94
Tracing beam     781     50.54
Tracing beam     801     54.14
Tracing beam     821     57.75
Tracing beam     841     61.35
Tracing beam     861     64.95
Tracing beam     881     68.56
Tracing beam     901     72.16
Tracing beam     921     75.77
Tracing beam     941     79.37
Tracing beam     961     82.97
Tracing beam     981     86.58

 CPU Time =       0.938E-01s
