 BELLHOP/BELLHOP3D

 BELLHOP- Acoustic Calculation pos1                                              
 frequency =   100.0     Hz

 Dummy parameter NMedia =            1

     C-linear approximation to SSP
     Attenuation units: dB/mkHz
     THORP volume attenuation added
     FILE used for reflection loss

 Depth =     889.00 m

 Sound speed profile:
      z         alphaR      betaR     rho        alphaI     betaI
     (m)         (m/s)      (m/s)   (g/cm^3)      (m/s)     (m/s)

      0.00      1529.06      0.00     1.00       0.0000    0.0000
      5.00      1529.17      0.00     1.00       0.0000    0.0000
     10.00      1529.23      0.00     1.00       0.0000    0.0000
     15.00      1529.35      0.00     1.00       0.0000    0.0000
     20.00      1529.30      0.00     1.00       0.0000    0.0000
     25.00      1529.39      0.00     1.00       0.0000    0.0000
     30.00      1529.55      0.00     1.00       0.0000    0.0000
     35.00      1529.63      0.00     1.00       0.0000    0.0000
     40.00      1529.80      0.00     1.00       0.0000    0.0000
     45.00      1529.91      0.00     1.00       0.0000    0.0000
     50.00      1529.93      0.00     1.00       0.0000    0.0000
     55.00      1530.00      0.00     1.00       0.0000    0.0000
     60.00      1530.02      0.00     1.00       0.0000    0.0000
     65.00      1530.12      0.00     1.00       0.0000    0.0000
     70.00      1530.24      0.00     1.00       0.0000    0.0000
     75.00      1530.53      0.00     1.00       0.0000    0.0000
     80.00      1530.82      0.00     1.00       0.0000    0.0000
     85.00      1531.08      0.00     1.00       0.0000    0.0000
     90.00      1531.30      0.00     1.00       0.0000    0.0000
     95.00      1531.41      0.00     1.00       0.0000    0.0000
    100.00      1531.71      0.00     1.00       0.0000    0.0000
    125.00      1528.12      0.00     1.00       0.0000    0.0000
    150.00      1522.61      0.00     1.00       0.0000    0.0000
    175.00      1518.49      0.00     1.00       0.0000    0.0000
    889.00      1530.63      0.00     1.00       0.0000    0.0000

                                 ( RMS roughness =   0.00     )
     Bathymetry file selected
     FILE used for reflection loss

 __________________________________________________________________________

    Number of Source   z-coordinates, Sz =            1
    Source   z-coordinates, Sz (m)
                 80.0000    


 __________________________________________________________________________

    Number of Receiver z-coordinates, Rz =            1
    Receiver z-coordinates, Rz (m)
                 80.0000    


 __________________________________________________________________________

    Number of Receiver r-coordinates, Rr =          101
    Receiver r-coordinates, Rr (km)
                 0.00000      0.500000       1.00000       1.50000    
   2.00000       2.50000       3.00000       3.50000       4.00000    
   4.50000    
          ... 
   50.0000    


 Incoherent TL calculation
 Geometric gaussian beams in Cartesian coordinates
 Point source (cylindrical coordinates)
 Rectilinear receiver grid: Receivers at Rr( : ) x Rz( : )
 __________________________________________________________________________

    Number of beams in elevation   =         1766
    Beam take-off angles (degrees)
  -90.0000      -89.8980      -89.7960      -89.6941      -89.5921    
  -89.4901      -89.3881      -89.2861      -89.1841      -89.0822    
          ... 
   90.0000    

 __________________________________________________________________________


 Step length,       deltas =   0.000     m

 Maximum ray depth, Box%z  =   1389.     m
 Maximum ray range, Box%r  =   51.00    km
 No beam shift in effect

 __________________________________________________________________________

 Using bottom-bathymetry file
 Piecewise linear interpolation
 Number of bathymetry points =           51

 Short format (bathymetry only)
  Range (km)  Depth (m)
   0.00       888.    
   1.00       862.    
   2.00       836.    
   3.00       810.    
   4.00       785.    
   5.00       761.    
   6.00       738.    
   7.00       714.    
   8.00       689.    
   9.00       662.    
   10.0       632.    
   11.0       599.    
   12.0       561.    
   13.0       520.    
   14.0       476.    
   15.0       432.    
   16.0       387.    
   17.0       345.    
   18.0       306.    
   50.0       237.    
 __________________________________________________________________________

 Using tabulated bottom reflection coef.
 Number of points in bottom reflection coefficient =           91
 __________________________________________________________________________

 Using tabulated top    reflection coef.
 Number of points in top reflection coefficient =           91

 Step length,       deltas =   88.90     m (automatically selected)

Tracing beam       1    -90.00

 Geometric Gaussian beams                
 halfwidth  =    2737.5943251603658     
 epsilonOpt =                (0.0000000000000000,2354442326.3131051)
 EpsMult    =    1.0000000000000000     

Tracing beam      36    -86.43
Tracing beam      71    -82.86
Tracing beam     106    -79.29
Tracing beam     141    -75.72
Tracing beam     176    -72.15
Tracing beam     211    -68.58
Tracing beam     246    -65.01
Tracing beam     281    -61.44
Tracing beam     316    -57.88
Tracing beam     351    -54.31
Tracing beam     386    -50.74
Tracing beam     421    -47.17
Tracing beam     456    -43.60
Tracing beam     491    -40.03
Tracing beam     526    -36.46
Tracing beam     561    -32.89
Tracing beam     596    -29.32
Tracing beam     631    -25.75
Tracing beam     666    -22.18
Tracing beam     701    -18.61
Tracing beam     736    -15.04
Tracing beam     771    -11.47
Tracing beam     806     -7.90
Tracing beam     841     -4.33
Tracing beam     876     -0.76
Tracing beam     911      2.80
Tracing beam     946      6.37
Tracing beam     981      9.94
Tracing beam    1016     13.51
Tracing beam    1051     17.08
Tracing beam    1086     20.65
Tracing beam    1121     24.22
Tracing beam    1156     27.79
Tracing beam    1191     31.36
Tracing beam    1226     34.93
Tracing beam    1261     38.50
Tracing beam    1296     42.07
Tracing beam    1331     45.64
Tracing beam    1366     49.21
Tracing beam    1401     52.78
Tracing beam    1436     56.35
Tracing beam    1471     59.92
Tracing beam    1506     63.48
Tracing beam    1541     67.05
Tracing beam    1576     70.62
Tracing beam    1611     74.19
Tracing beam    1646     77.76
Tracing beam    1681     81.33
Tracing beam    1716     84.90
Tracing beam    1751     88.47

 CPU Time =       0.281    s
