 BELLHOP/BELLHOP3D

 BELLHOP- Acoustic Calculation pos4                                              
 frequency =   100.0     Hz

 Dummy parameter NMedia =            1

     C-linear approximation to SSP
     Attenuation units: dB/mkHz
     THORP volume attenuation added
     FILE used for reflection loss

 Depth =    1560.00 m

 Sound speed profile:
      z         alphaR      betaR     rho        alphaI     betaI
     (m)         (m/s)      (m/s)   (g/cm^3)      (m/s)     (m/s)

      0.00      1529.56      0.00     1.00       0.0000    0.0000
      5.00      1529.65      0.00     1.00       0.0000    0.0000
     10.00      1529.72      0.00     1.00       0.0000    0.0000
     15.00      1529.80      0.00     1.00       0.0000    0.0000
     20.00      1529.72      0.00     1.00       0.0000    0.0000
     25.00      1529.82      0.00     1.00       0.0000    0.0000
     30.00      1529.96      0.00     1.00       0.0000    0.0000
     35.00      1530.06      0.00     1.00       0.0000    0.0000
     40.00      1530.19      0.00     1.00       0.0000    0.0000
     45.00      1530.28      0.00     1.00       0.0000    0.0000
     50.00      1530.26      0.00     1.00       0.0000    0.0000
     55.00      1530.20      0.00     1.00       0.0000    0.0000
     60.00      1530.27      0.00     1.00       0.0000    0.0000
     65.00      1530.34      0.00     1.00       0.0000    0.0000
     70.00      1530.18      0.00     1.00       0.0000    0.0000
     75.00      1530.04      0.00     1.00       0.0000    0.0000
     80.00      1529.92      0.00     1.00       0.0000    0.0000
     85.00      1529.82      0.00     1.00       0.0000    0.0000
     90.00      1529.70      0.00     1.00       0.0000    0.0000
     95.00      1529.38      0.00     1.00       0.0000    0.0000
    100.00      1529.26      0.00     1.00       0.0000    0.0000
    125.00      1525.32      0.00     1.00       0.0000    0.0000
    150.00      1521.05      0.00     1.00       0.0000    0.0000
    175.00      1516.91      0.00     1.00       0.0000    0.0000
    200.00      1513.46      0.00     1.00       0.0000    0.0000
    225.00      1509.69      0.00     1.00       0.0000    0.0000
    250.00      1505.73      0.00     1.00       0.0000    0.0000
    275.00      1503.11      0.00     1.00       0.0000    0.0000
    300.00      1500.74      0.00     1.00       0.0000    0.0000
    325.00      1498.81      0.00     1.00       0.0000    0.0000
    350.00      1496.81      0.00     1.00       0.0000    0.0000
    375.00      1495.57      0.00     1.00       0.0000    0.0000
    400.00      1494.52      0.00     1.00       0.0000    0.0000
    425.00      1493.48      0.00     1.00       0.0000    0.0000
    450.00      1492.59      0.00     1.00       0.0000    0.0000
    475.00      1491.90      0.00     1.00       0.0000    0.0000
    500.00      1491.21      0.00     1.00       0.0000    0.0000
    550.00      1490.06      0.00     1.00       0.0000    0.0000
    600.00      1488.94      0.00     1.00       0.0000    0.0000
    650.00      1488.23      0.00     1.00       0.0000    0.0000
    700.00      1487.50      0.00     1.00       0.0000    0.0000
    750.00      1486.74      0.00     1.00       0.0000    0.0000
    800.00      1486.26      0.00     1.00       0.0000    0.0000
    850.00      1485.50      0.00     1.00       0.0000    0.0000
   1560.00      1497.57      0.00     1.00       0.0000    0.0000

                                 ( RMS roughness =   0.00     )
     Bathymetry file selected
     FILE used for reflection loss

 __________________________________________________________________________

    Number of Source   z-coordinates, Sz =            1
    Source   z-coordinates, Sz (m)
                 80.0000    


 __________________________________________________________________________

    Number of Receiver z-coordinates, Rz =            1
    Receiver z-coordinates, Rz (m)
                 80.0000    


 __________________________________________________________________________

    Number of Receiver r-coordinates, Rr =          101
    Receiver r-coordinates, Rr (km)
                 0.00000      0.500000       1.00000       1.50000    
   2.00000       2.50000       3.00000       3.50000       4.00000    
   4.50000    
          ... 
   50.0000    


 Incoherent TL calculation
 Geometric gaussian beams in Cartesian coordinates
 Point source (cylindrical coordinates)
 Rectilinear receiver grid: Receivers at Rr( : ) x Rz( : )
 __________________________________________________________________________

    Number of beams in elevation   =         1006
    Beam take-off angles (degrees)
  -90.0000      -89.8209      -89.6418      -89.4627      -89.2836    
  -89.1045      -88.9254      -88.7463      -88.5672      -88.3881    
          ... 
   90.0000    

 __________________________________________________________________________


 Step length,       deltas =   0.000     m

 Maximum ray depth, Box%z  =   2060.     m
 Maximum ray range, Box%r  =   51.00    km
 No beam shift in effect

 __________________________________________________________________________

 Using bottom-bathymetry file
 Piecewise linear interpolation
 Number of bathymetry points =           51

 Short format (bathymetry only)
  Range (km)  Depth (m)
   0.00      0.156E+04
   1.00      0.156E+04
   2.00      0.155E+04
   3.00      0.155E+04
   4.00      0.155E+04
   5.00      0.154E+04
   6.00      0.153E+04
   7.00      0.152E+04
   8.00      0.152E+04
   9.00      0.151E+04
   10.0      0.149E+04
   11.0      0.148E+04
   12.0      0.146E+04
   13.0      0.144E+04
   14.0      0.142E+04
   15.0      0.139E+04
   16.0      0.136E+04
   17.0      0.133E+04
   18.0      0.129E+04
   50.0       508.    
 __________________________________________________________________________

 Using tabulated bottom reflection coef.
 Number of points in bottom reflection coefficient =           91
 __________________________________________________________________________

 Using tabulated top    reflection coef.
 Number of points in top reflection coefficient =           91

 Step length,       deltas =   156.0     m (automatically selected)

Tracing beam       1    -90.00

 Geometric Gaussian beams                
 halfwidth  =    1557.8837180447586     
 epsilonOpt =                (0.0000000000000000,762465064.48361492)
 EpsMult    =    1.0000000000000000     

Tracing beam      21    -86.42
Tracing beam      41    -82.84
Tracing beam      61    -79.25
Tracing beam      81    -75.67
Tracing beam     101    -72.09
Tracing beam     121    -68.51
Tracing beam     141    -64.93
Tracing beam     161    -61.34
Tracing beam     181    -57.76
Tracing beam     201    -54.18
Tracing beam     221    -50.60
Tracing beam     241    -47.01
Tracing beam     261    -43.43
Tracing beam     281    -39.85
Tracing beam     301    -36.27
Tracing beam     321    -32.69
Tracing beam     341    -29.10
Tracing beam     361    -25.52
Tracing beam     381    -21.94
Tracing beam     401    -18.36
Tracing beam     421    -14.78
Tracing beam     441    -11.19
Tracing beam     461     -7.61
Tracing beam     481     -4.03
Tracing beam     501     -0.45
Tracing beam     521      3.13
Tracing beam     541      6.72
Tracing beam     561     10.30
Tracing beam     581     13.88
Tracing beam     601     17.46
Tracing beam     621     21.04
Tracing beam     641     24.63
Tracing beam     661     28.21
Tracing beam     681     31.79
Tracing beam     701     35.37
Tracing beam     721     38.96
Tracing beam     741     42.54
Tracing beam     761     46.12
Tracing beam     781     49.70
Tracing beam     801     53.28
Tracing beam     821     56.87
Tracing beam     841     60.45
Tracing beam     861     64.03
Tracing beam     881     67.61
Tracing beam     901     71.19
Tracing beam     921     74.78
Tracing beam     941     78.36
Tracing beam     961     81.94
Tracing beam     981     85.52
Tracing beam    1001     89.10

 CPU Time =       0.938E-01s
