 BELLHOP/BELLHOP3D

 BELLHOP- Acoustic Calculation pos8                                              
 frequency =   100.0     Hz

 Dummy parameter NMedia =            1

     C-linear approximation to SSP
     Attenuation units: dB/mkHz
     THORP volume attenuation added
     FILE used for reflection loss

 Depth =     726.00 m

 Sound speed profile:
      z         alphaR      betaR     rho        alphaI     betaI
     (m)         (m/s)      (m/s)   (g/cm^3)      (m/s)     (m/s)

      0.00      1529.24      0.00     1.00       0.0000    0.0000
      5.00      1529.33      0.00     1.00       0.0000    0.0000
     10.00      1529.40      0.00     1.00       0.0000    0.0000
     15.00      1529.50      0.00     1.00       0.0000    0.0000
     20.00      1529.44      0.00     1.00       0.0000    0.0000
     25.00      1529.55      0.00     1.00       0.0000    0.0000
     30.00      1529.73      0.00     1.00       0.0000    0.0000
     35.00      1529.79      0.00     1.00       0.0000    0.0000
     40.00      1529.88      0.00     1.00       0.0000    0.0000
     45.00      1529.97      0.00     1.00       0.0000    0.0000
     50.00      1529.96      0.00     1.00       0.0000    0.0000
     55.00      1530.00      0.00     1.00       0.0000    0.0000
     60.00      1530.05      0.00     1.00       0.0000    0.0000
     65.00      1530.15      0.00     1.00       0.0000    0.0000
     70.00      1530.16      0.00     1.00       0.0000    0.0000
     75.00      1530.28      0.00     1.00       0.0000    0.0000
     80.00      1530.40      0.00     1.00       0.0000    0.0000
     85.00      1530.53      0.00     1.00       0.0000    0.0000
     90.00      1530.66      0.00     1.00       0.0000    0.0000
     95.00      1530.61      0.00     1.00       0.0000    0.0000
    100.00      1530.71      0.00     1.00       0.0000    0.0000
    125.00      1527.58      0.00     1.00       0.0000    0.0000
    150.00      1523.22      0.00     1.00       0.0000    0.0000
    175.00      1519.02      0.00     1.00       0.0000    0.0000
    200.00      1515.36      0.00     1.00       0.0000    0.0000
    225.00      1510.30      0.00     1.00       0.0000    0.0000
    250.00      1506.30      0.00     1.00       0.0000    0.0000
    275.00      1503.64      0.00     1.00       0.0000    0.0000
    300.00      1501.17      0.00     1.00       0.0000    0.0000
    325.00      1499.22      0.00     1.00       0.0000    0.0000
    350.00      1497.20      0.00     1.00       0.0000    0.0000
    375.00      1495.97      0.00     1.00       0.0000    0.0000
    400.00      1494.88      0.00     1.00       0.0000    0.0000
    726.00      1500.42      0.00     1.00       0.0000    0.0000

                                 ( RMS roughness =   0.00     )
     Bathymetry file selected
     FILE used for reflection loss

 __________________________________________________________________________

    Number of Source   z-coordinates, Sz =            1
    Source   z-coordinates, Sz (m)
                 80.0000    


 __________________________________________________________________________

    Number of Receiver z-coordinates, Rz =            1
    Receiver z-coordinates, Rz (m)
                 80.0000    


 __________________________________________________________________________

    Number of Receiver r-coordinates, Rr =          101
    Receiver r-coordinates, Rr (km)
                 0.00000      0.500000       1.00000       1.50000    
   2.00000       2.50000       3.00000       3.50000       4.00000    
   4.50000    
          ... 
   50.0000    


 Incoherent TL calculation
 Geometric gaussian beams in Cartesian coordinates
 Point source (cylindrical coordinates)
 Rectilinear receiver grid: Receivers at Rr( : ) x Rz( : )
 __________________________________________________________________________

    Number of beams in elevation   =         2163
    Beam take-off angles (degrees)
  -90.0000      -89.9167      -89.8335      -89.7502      -89.6670    
  -89.5837      -89.5005      -89.4172      -89.3340      -89.2507    
          ... 
   90.0000    

 __________________________________________________________________________


 Step length,       deltas =   0.000     m

 Maximum ray depth, Box%z  =   1226.     m
 Maximum ray range, Box%r  =   51.00    km
 No beam shift in effect

 __________________________________________________________________________

 Using bottom-bathymetry file
 Piecewise linear interpolation
 Number of bathymetry points =           51

 Short format (bathymetry only)
  Range (km)  Depth (m)
   0.00       725.    
   1.00       703.    
   2.00       678.    
   3.00       655.    
   4.00       634.    
   5.00       616.    
   6.00       602.    
   7.00       591.    
   8.00       584.    
   9.00       579.    
   10.0       574.    
   11.0       569.    
   12.0       563.    
   13.0       556.    
   14.0       546.    
   15.0       534.    
   16.0       519.    
   17.0       503.    
   18.0       488.    
   50.0       308.    
 __________________________________________________________________________

 Using tabulated bottom reflection coef.
 Number of points in bottom reflection coefficient =           91
 __________________________________________________________________________

 Using tabulated top    reflection coef.
 Number of points in top reflection coefficient =           91

 Step length,       deltas =   72.60     m (automatically selected)

Tracing beam       1    -90.00

 Geometric Gaussian beams                
 halfwidth  =    3352.4391308275735     
 epsilonOpt =                (0.0000000000000000,3530788270.7151222)
 EpsMult    =    1.0000000000000000     

Tracing beam      44    -86.42
Tracing beam      87    -82.84
Tracing beam     130    -79.26
Tracing beam     173    -75.68
Tracing beam     216    -72.10
Tracing beam     259    -68.52
Tracing beam     302    -64.94
Tracing beam     345    -61.36
Tracing beam     388    -57.78
Tracing beam     431    -54.20
Tracing beam     474    -50.62
Tracing beam     517    -47.04
Tracing beam     560    -43.46
Tracing beam     603    -39.88
Tracing beam     646    -36.30
Tracing beam     689    -32.72
Tracing beam     732    -29.14
Tracing beam     775    -25.56
Tracing beam     818    -21.98
Tracing beam     861    -18.40
Tracing beam     904    -14.82
Tracing beam     947    -11.24
Tracing beam     990     -7.66
Tracing beam    1033     -4.08
Tracing beam    1076     -0.50
Tracing beam    1119      3.08
Tracing beam    1162      6.66
Tracing beam    1205     10.24
Tracing beam    1248     13.82
Tracing beam    1291     17.40
Tracing beam    1334     20.98
Tracing beam    1377     24.56
Tracing beam    1420     28.14
Tracing beam    1463     31.72
Tracing beam    1506     35.30
Tracing beam    1549     38.88
Tracing beam    1592     42.46
Tracing beam    1635     46.04
Tracing beam    1678     49.62
Tracing beam    1721     53.20
Tracing beam    1764     56.78
Tracing beam    1807     60.36
Tracing beam    1850     63.94
Tracing beam    1893     67.52
Tracing beam    1936     71.10
Tracing beam    1979     74.68
Tracing beam    2022     78.26
Tracing beam    2065     81.84
Tracing beam    2108     85.42
Tracing beam    2151     89.00

 CPU Time =       0.469    s
