 BELLHOP/BELLHOP3D

 BELLHOP- Eddy Comparison                                                        
 frequency =   100.0     Hz

 Dummy parameter NMedia =            1

     C-linear approximation to SSP
     Attenuation units: dB/wavelength
     VACUUM

 Depth =    4425.85 m

 Sound speed profile:
   z (m)     alphaR (m/s)   betaR  rho (g/cm^3)  alphaI     betaI

      0.00      1537.10      0.00     1.00       0.0000    0.0000
      5.00      1537.17      0.00     1.00       0.0000    0.0000
     10.00      1537.11      0.00     1.00       0.0000    0.0000
     15.00      1537.12      0.00     1.00       0.0000    0.0000
     20.00      1537.13      0.00     1.00       0.0000    0.0000
     25.00      1537.18      0.00     1.00       0.0000    0.0000
     30.00      1537.17      0.00     1.00       0.0000    0.0000
     35.00      1537.16      0.00     1.00       0.0000    0.0000
     40.00      1537.02      0.00     1.00       0.0000    0.0000
     45.00      1536.79      0.00     1.00       0.0000    0.0000
     50.00      1536.39      0.00     1.00       0.0000    0.0000
     55.00      1535.84      0.00     1.00       0.0000    0.0000
     60.00      1534.87      0.00     1.00       0.0000    0.0000
     65.00      1533.72      0.00     1.00       0.0000    0.0000
     70.00      1532.57      0.00     1.00       0.0000    0.0000
     75.00      1530.98      0.00     1.00       0.0000    0.0000
     80.00      1529.32      0.00     1.00       0.0000    0.0000
     85.00      1527.66      0.00     1.00       0.0000    0.0000
     90.00      1526.20      0.00     1.00       0.0000    0.0000
     95.00      1524.74      0.00     1.00       0.0000    0.0000
    100.00      1523.48      0.00     1.00       0.0000    0.0000
    125.00      1518.37      0.00     1.00       0.0000    0.0000
    150.00      1514.79      0.00     1.00       0.0000    0.0000
    175.00      1511.73      0.00     1.00       0.0000    0.0000
    200.00      1509.02      0.00     1.00       0.0000    0.0000
    225.00      1506.71      0.00     1.00       0.0000    0.0000
    250.00      1504.74      0.00     1.00       0.0000    0.0000
    275.00      1502.81      0.00     1.00       0.0000    0.0000
    300.00      1501.15      0.00     1.00       0.0000    0.0000
    325.00      1499.61      0.00     1.00       0.0000    0.0000
    350.00      1498.27      0.00     1.00       0.0000    0.0000
    375.00      1497.16      0.00     1.00       0.0000    0.0000
    400.00      1496.02      0.00     1.00       0.0000    0.0000
    425.00      1494.98      0.00     1.00       0.0000    0.0000
    450.00      1494.11      0.00     1.00       0.0000    0.0000
    475.00      1493.36      0.00     1.00       0.0000    0.0000
    500.00      1492.53      0.00     1.00       0.0000    0.0000
    550.00      1491.23      0.00     1.00       0.0000    0.0000
    600.00      1490.08      0.00     1.00       0.0000    0.0000
    650.00      1489.06      0.00     1.00       0.0000    0.0000
    700.00      1488.13      0.00     1.00       0.0000    0.0000
    750.00      1487.21      0.00     1.00       0.0000    0.0000
    800.00      1486.49      0.00     1.00       0.0000    0.0000
    850.00      1485.87      0.00     1.00       0.0000    0.0000
    900.00      1485.32      0.00     1.00       0.0000    0.0000
    950.00      1484.97      0.00     1.00       0.0000    0.0000
   1000.00      1484.73      0.00     1.00       0.0000    0.0000
   1050.00      1484.56      0.00     1.00       0.0000    0.0000
   1100.00      1484.53      0.00     1.00       0.0000    0.0000
   1150.00      1484.62      0.00     1.00       0.0000    0.0000
   1200.00      1484.86      0.00     1.00       0.0000    0.0000
   1250.00      1485.01      0.00     1.00       0.0000    0.0000
   1300.00      1485.27      0.00     1.00       0.0000    0.0000
   1350.00      1485.62      0.00     1.00       0.0000    0.0000
   1400.00      1486.05      0.00     1.00       0.0000    0.0000
   1450.00      1486.53      0.00     1.00       0.0000    0.0000
   1500.00      1487.06      0.00     1.00       0.0000    0.0000
   1550.00      1487.63      0.00     1.00       0.0000    0.0000
   1600.00      1488.22      0.00     1.00       0.0000    0.0000
   1650.00      1488.84      0.00     1.00       0.0000    0.0000
   1700.00      1489.50      0.00     1.00       0.0000    0.0000
   1750.00      1490.17      0.00     1.00       0.0000    0.0000
   1800.00      1490.86      0.00     1.00       0.0000    0.0000
   1850.00      1491.55      0.00     1.00       0.0000    0.0000
   1900.00      1492.27      0.00     1.00       0.0000    0.0000
   1950.00      1493.02      0.00     1.00       0.0000    0.0000
   2000.00      1493.84      0.00     1.00       0.0000    0.0000
   2100.00      1495.35      0.00     1.00       0.0000    0.0000
   2200.00      1496.91      0.00     1.00       0.0000    0.0000
   2300.00      1498.51      0.00     1.00       0.0000    0.0000
   2400.00      1500.15      0.00     1.00       0.0000    0.0000
   2500.00      1501.83      0.00     1.00       0.0000    0.0000
   2600.00      1503.49      0.00     1.00       0.0000    0.0000
   2700.00      1505.18      0.00     1.00       0.0000    0.0000
   2800.00      1506.88      0.00     1.00       0.0000    0.0000
   2900.00      1508.58      0.00     1.00       0.0000    0.0000
   3000.00      1510.30      0.00     1.00       0.0000    0.0000
   3100.00      1512.01      0.00     1.00       0.0000    0.0000
   3200.00      1513.74      0.00     1.00       0.0000    0.0000
   3300.00      1515.47      0.00     1.00       0.0000    0.0000
   3400.00      1517.20      0.00     1.00       0.0000    0.0000
   3500.00      1518.92      0.00     1.00       0.0000    0.0000
   3600.00      1520.65      0.00     1.00       0.0000    0.0000
   3700.00      1522.39      0.00     1.00       0.0000    0.0000
   3800.00      1524.12      0.00     1.00       0.0000    0.0000
   3900.00      1525.86      0.00     1.00       0.0000    0.0000
   4000.00      1527.61      0.00     1.00       0.0000    0.0000
   4100.00      1529.32      0.00     1.00       0.0000    0.0000
   4200.00      1531.15      0.00     1.00       0.0000    0.0000
   4300.00      1532.73      0.00     1.00       0.0000    0.0000
   4426.00      1534.87      0.00     1.00       0.0000    0.0000
