 BELLHOP/BELLHOP3D

 BELLHOP- Acoustic Calculation pos25                                             
 frequency =   100.0     Hz

 Dummy parameter NMedia =            1

     C-linear approximation to SSP
     Attenuation units: dB/mkHz
     THORP volume attenuation added
     FILE used for reflection loss

 Depth =     356.00 m

 Sound speed profile:
      z         alphaR      betaR     rho        alphaI     betaI
     (m)         (m/s)      (m/s)   (g/cm^3)      (m/s)     (m/s)

      0.00      1528.96      0.00     1.00       0.0000    0.0000
      5.00      1529.03      0.00     1.00       0.0000    0.0000
     10.00      1529.08      0.00     1.00       0.0000    0.0000
     15.00      1529.20      0.00     1.00       0.0000    0.0000
     20.00      1529.31      0.00     1.00       0.0000    0.0000
     25.00      1529.50      0.00     1.00       0.0000    0.0000
     30.00      1529.67      0.00     1.00       0.0000    0.0000
     35.00      1529.72      0.00     1.00       0.0000    0.0000
     40.00      1529.68      0.00     1.00       0.0000    0.0000
     45.00      1529.76      0.00     1.00       0.0000    0.0000
     50.00      1529.75      0.00     1.00       0.0000    0.0000
     55.00      1529.75      0.00     1.00       0.0000    0.0000
     60.00      1529.85      0.00     1.00       0.0000    0.0000
     65.00      1530.02      0.00     1.00       0.0000    0.0000
     70.00      1530.18      0.00     1.00       0.0000    0.0000
     75.00      1530.53      0.00     1.00       0.0000    0.0000
     80.00      1530.79      0.00     1.00       0.0000    0.0000
     85.00      1531.02      0.00     1.00       0.0000    0.0000
     90.00      1531.18      0.00     1.00       0.0000    0.0000
     95.00      1531.28      0.00     1.00       0.0000    0.0000
    100.00      1531.61      0.00     1.00       0.0000    0.0000
    125.00      1530.52      0.00     1.00       0.0000    0.0000
    150.00      1525.87      0.00     1.00       0.0000    0.0000
    175.00      1520.46      0.00     1.00       0.0000    0.0000
    200.00      1516.12      0.00     1.00       0.0000    0.0000
    356.00      1518.77      0.00     1.00       0.0000    0.0000

                                 ( RMS roughness =   0.00     )
     Bathymetry file selected
     FILE used for reflection loss

 __________________________________________________________________________

    Number of Source   z-coordinates, Sz =            1
    Source   z-coordinates, Sz (m)
                 80.0000    


 __________________________________________________________________________

    Number of Receiver z-coordinates, Rz =            1
    Receiver z-coordinates, Rz (m)
                 80.0000    


 __________________________________________________________________________

    Number of Receiver r-coordinates, Rr =          101
    Receiver r-coordinates, Rr (km)
                 0.00000      0.500000       1.00000       1.50000    
   2.00000       2.50000       3.00000       3.50000       4.00000    
   4.50000    
          ... 
   50.0000    


 Incoherent TL calculation
 Geometric gaussian beams in Cartesian coordinates
 Point source (cylindrical coordinates)
 Rectilinear receiver grid: Receivers at Rr( : ) x Rz( : )
 __________________________________________________________________________

    Number of beams in elevation   =         4412
    Beam take-off angles (degrees)
  -90.0000      -89.9592      -89.9184      -89.8776      -89.8368    
  -89.7960      -89.7552      -89.7144      -89.6735      -89.6327    
          ... 
   90.0000    

 __________________________________________________________________________


 Step length,       deltas =   0.000     m

 Maximum ray depth, Box%z  =   856.0     m
 Maximum ray range, Box%r  =   51.00    km
 No beam shift in effect

 __________________________________________________________________________

 Using bottom-bathymetry file
 Piecewise linear interpolation
 Number of bathymetry points =           51

 Short format (bathymetry only)
  Range (km)  Depth (m)
   0.00       355.    
   1.00       350.    
   2.00       343.    
   3.00       336.    
   4.00       329.    
   5.00       323.    
   6.00       316.    
   7.00       310.    
   8.00       304.    
   9.00       300.    
   10.0       295.    
   11.0       291.    
   12.0       288.    
   13.0       285.    
   14.0       282.    
   15.0       278.    
   16.0       272.    
   17.0       266.    
   18.0       259.    
   50.0       100.    
 __________________________________________________________________________

 Using tabulated bottom reflection coef.
 Number of points in bottom reflection coefficient =           91
 __________________________________________________________________________

 Using tabulated top    reflection coef.
 Number of points in top reflection coefficient =           91

 Step length,       deltas =   35.60     m (automatically selected)

Tracing beam       1    -90.00

 Geometric Gaussian beams                
 halfwidth  =    6841.5251671634505     
 epsilonOpt =                (0.0000000000000000,14704685165.167959)
 EpsMult    =    1.0000000000000000     

Tracing beam      89    -86.41
Tracing beam     177    -82.82
Tracing beam     265    -79.23
Tracing beam     353    -75.64
Tracing beam     441    -72.04
Tracing beam     529    -68.45
Tracing beam     617    -64.86
Tracing beam     705    -61.27
Tracing beam     793    -57.68
Tracing beam     881    -54.09
Tracing beam     969    -50.50
Tracing beam    1057    -46.91
Tracing beam    1145    -43.32
Tracing beam    1233    -39.73
Tracing beam    1321    -36.13
Tracing beam    1409    -32.54
Tracing beam    1497    -28.95
Tracing beam    1585    -25.36
Tracing beam    1673    -21.77
Tracing beam    1761    -18.18
Tracing beam    1849    -14.59
Tracing beam    1937    -11.00
Tracing beam    2025     -7.41
Tracing beam    2113     -3.82
Tracing beam    2201     -0.22
Tracing beam    2289      3.37
Tracing beam    2377      6.96
Tracing beam    2465     10.55
Tracing beam    2553     14.14
Tracing beam    2641     17.73
Tracing beam    2729     21.32
Tracing beam    2817     24.91
Tracing beam    2905     28.50
Tracing beam    2993     32.09
Tracing beam    3081     35.69
Tracing beam    3169     39.28
Tracing beam    3257     42.87
Tracing beam    3345     46.46
Tracing beam    3433     50.05
Tracing beam    3521     53.64
Tracing beam    3609     57.23
Tracing beam    3697     60.82
Tracing beam    3785     64.41
Tracing beam    3873     68.00
Tracing beam    3961     71.60
Tracing beam    4049     75.19
Tracing beam    4137     78.78
Tracing beam    4225     82.37
Tracing beam    4313     85.96
Tracing beam    4401     89.55

 CPU Time =        1.12    s
